<?xml version="1.0" encoding="UTF-8"?>
<!-- Generated by org.testng.reporters.JUnitXMLReporter -->
<testsuite ignored="2" hostname="GayatriQA-Windows" failures="0" tests="1" name="Default test" time="88.635" errors="0" timestamp="2024-01-30T22:41:27 IST">
  <testcase classname="com.weguard.WeGuardUI.TestNGBase" name="policyGroups" time="83.579"/>
  <testcase classname="com.weguard.WeGuardUI.TestNGBase" name="loginTest" time="0.0">
    <ignored/>
  </testcase> <!-- loginTest -->
  <testcase classname="com.weguard.WeGuardUI.TestNGBase" name="policyRestrictions" time="0.0">
    <ignored/>
  </testcase> <!-- policyRestrictions -->
</testsuite> <!-- Default test -->
