<?xml version="1.0" encoding="UTF-8"?>
<testng-results ignored="2" total="3" passed="1" failed="0" skipped="0">
  <reporter-output>
  </reporter-output>
  <suite started-at="2024-01-30T22:39:58 IST" name="Default suite" finished-at="2024-01-30T22:41:27 IST" duration-ms="88635">
    <groups>
    </groups>
    <test started-at="2024-01-30T22:39:58 IST" name="Default test" finished-at="2024-01-30T22:41:27 IST" duration-ms="88635">
      <class name="com.weguard.WeGuardUI.TestNGBase">
        <test-method is-config="true" signature="init()[pri:0, instance:com.weguard.WeGuardUI.TestNGBase@67d48005]" started-at="2024-01-30T22:39:58 IST" name="init" finished-at="2024-01-30T22:40:02 IST" duration-ms="3703" status="PASS">
          <reporter-output>
          </reporter-output>
        </test-method> <!-- init -->
        <test-method signature="policyGroups()[pri:0, instance:com.weguard.WeGuardUI.TestNGBase@67d48005]" started-at="2024-01-30T22:40:02 IST" name="policyGroups" finished-at="2024-01-30T22:41:26 IST" duration-ms="83579" status="PASS">
          <reporter-output>
          </reporter-output>
        </test-method> <!-- policyGroups -->
        <test-method is-config="true" signature="terminate()[pri:0, instance:com.weguard.WeGuardUI.TestNGBase@67d48005]" started-at="2024-01-30T22:41:26 IST" name="terminate" finished-at="2024-01-30T22:41:27 IST" duration-ms="1281" status="PASS">
          <reporter-output>
          </reporter-output>
        </test-method> <!-- terminate -->
      </class> <!-- com.weguard.WeGuardUI.TestNGBase -->
    </test> <!-- Default test -->
  </suite> <!-- Default suite -->
</testng-results>
